#
# A fatal error has been detected by the Java Runtime Environment:
#
#  Internal Error (generateOopMap.cpp:2165), pid=5232, tid=5508
#  fatal error: Illegal class file encountered. Try running with -Xverify:all in method calculaPuntos
#
# JRE version: Java(TM) SE Runtime Environment (17.0.6+9) (build 17.0.6+9-LTS-190)
# Java VM: Java HotSpot(TM) 64-Bit Server VM (17.0.6+9-LTS-190, mixed mode, sharing, tiered, compressed oops, compressed class ptrs, g1 gc, windows-amd64)
# No core dump will be written. Minidumps are not enabled by default on client versions of Windows
#
# If you would like to submit a bug report, please visit:
#   https://bugreport.java.com/bugreport/crash.jsp
#

---------------  S U M M A R Y ------------

Command Line: -XX:+ShowCodeDetailsInExceptionMessages -agentlib:jdwp=transport=dt_socket,suspend=y,address=localhost:53951 -javaagent:C:\Users\Ignacio\eclipse\java-2023-03\eclipse\configuration\org.eclipse.osgi\231\0\.cp\lib\javaagent-shaded.jar -Dfile.encoding=windows-1252 ar.utn.ap.pronosticos.MainTP src\\test\\resources\\resultados_test1.csv src\\test\\resources\\pronostico_test1.csv

Host: 11th Gen Intel(R) Core(TM) i5-1135G7 @ 2.40GHz, 8 cores, 7G,  Windows 10 , 64 bit Build 19041 (10.0.19041.2788)
Time: Tue Apr 18 14:42:55 2023 Hora estándar de Argentina elapsed time: 417.967259 seconds (0d 0h 6m 57s)

---------------  T H R E A D  ---------------

Current thread (0x000001f0ffe4cc30):  VMThread "VM Thread" [stack: 0x000000037b500000,0x000000037b600000] [id=5508]

Stack: [0x000000037b500000,0x000000037b600000]
Native frames: (J=compiled Java code, j=interpreted, Vv=VM code, C=native code)
V  [jvm.dll+0x6734ea]
V  [jvm.dll+0x7d18f4]
V  [jvm.dll+0x7d309e]
V  [jvm.dll+0x24311f]
V  [jvm.dll+0x335514]
V  [jvm.dll+0x3321dc]
V  [jvm.dll+0x33133d]
V  [jvm.dll+0x330641]
V  [jvm.dll+0x661c23]
V  [jvm.dll+0x661943]
V  [jvm.dll+0x6275b8]
V  [jvm.dll+0x7c8d05]
V  [jvm.dll+0x524012]
V  [jvm.dll+0x7d7f0b]
V  [jvm.dll+0x7d8c44]
V  [jvm.dll+0x7d915d]
V  [jvm.dll+0x7d9534]
V  [jvm.dll+0x7d9600]
V  [jvm.dll+0x781a7a]
V  [jvm.dll+0x672375]
C  [ucrtbase.dll+0x21bb2]
C  [KERNEL32.DLL+0x17604]
C  [ntdll.dll+0x526a1]

VM_Operation (0x000000037c1ff830): get/set locals, mode: safepoint, requested by thread 0x000001f091aafa90


---------------  P R O C E S S  ---------------

Threads class SMR info:
_java_thread_list=0x000001f091c2bb00, length=15, elements={
0x000001f0f0ebdc60, 0x000001f0ffe516d0, 0x000001f0ffe52280, 0x000001f0ffe68050,
0x000001f0ffe6ab10, 0x000001f0ffe6d8d0, 0x000001f0ffe76290, 0x000001f0ffe7ad30,
0x000001f0ffe7b7d0, 0x000001f0ffe861c0, 0x000001f0ffe3adf0, 0x000001f091aafa90,
0x000001f091ac1c00, 0x000001f091ac22e0, 0x000001f091c2cd30
}

Java Threads: ( => current thread )
  0x000001f0f0ebdc60 JavaThread "main" [_thread_blocked, id=6552, stack(0x000000037af00000,0x000000037b000000)]
  0x000001f0ffe516d0 JavaThread "Reference Handler" daemon [_thread_blocked, id=15732, stack(0x000000037b600000,0x000000037b700000)]
  0x000001f0ffe52280 JavaThread "Finalizer" daemon [_thread_blocked, id=11852, stack(0x000000037b700000,0x000000037b800000)]
  0x000001f0ffe68050 JavaThread "Signal Dispatcher" daemon [_thread_blocked, id=14044, stack(0x000000037b800000,0x000000037b900000)]
  0x000001f0ffe6ab10 JavaThread "Attach Listener" daemon [_thread_blocked, id=8220, stack(0x000000037b900000,0x000000037ba00000)]
  0x000001f0ffe6d8d0 JavaThread "Service Thread" daemon [_thread_blocked, id=17340, stack(0x000000037ba00000,0x000000037bb00000)]
  0x000001f0ffe76290 JavaThread "Monitor Deflation Thread" daemon [_thread_blocked, id=18968, stack(0x000000037bb00000,0x000000037bc00000)]
  0x000001f0ffe7ad30 JavaThread "C2 CompilerThread0" daemon [_thread_blocked, id=2872, stack(0x000000037bc00000,0x000000037bd00000)]
  0x000001f0ffe7b7d0 JavaThread "C1 CompilerThread0" daemon [_thread_blocked, id=4484, stack(0x000000037bd00000,0x000000037be00000)]
  0x000001f0ffe861c0 JavaThread "Sweeper thread" daemon [_thread_blocked, id=6200, stack(0x000000037be00000,0x000000037bf00000)]
  0x000001f0ffe3adf0 JavaThread "Common-Cleaner" daemon [_thread_blocked, id=2964, stack(0x000000037bf00000,0x000000037c000000)]
  0x000001f091aafa90 JavaThread "JDWP Transport Listener: dt_socket" daemon [_thread_blocked, id=7356, stack(0x000000037c100000,0x000000037c200000)]
  0x000001f091ac1c00 JavaThread "JDWP Event Helper Thread" daemon [_thread_blocked, id=13676, stack(0x000000037c200000,0x000000037c300000)]
  0x000001f091ac22e0 JavaThread "JDWP Command Reader" daemon [_thread_in_native, id=1028, stack(0x000000037c300000,0x000000037c400000)]
  0x000001f091c2cd30 JavaThread "Notification Thread" daemon [_thread_blocked, id=11336, stack(0x000000037c400000,0x000000037c500000)]

Other Threads:
=>0x000001f0ffe4cc30 VMThread "VM Thread" [stack: 0x000000037b500000,0x000000037b600000] [id=5508]
  0x000001f0f0ebee00 WatcherThread [stack: 0x000000037c500000,0x000000037c600000] [id=13044]
  0x000001f0f0f15c90 GCTaskThread "GC Thread#0" [stack: 0x000000037b000000,0x000000037b100000] [id=9732]
  0x000001f0f0f27d40 ConcurrentGCThread "G1 Main Marker" [stack: 0x000000037b100000,0x000000037b200000] [id=9876]
  0x000001f0f0f28750 ConcurrentGCThread "G1 Conc#0" [stack: 0x000000037b200000,0x000000037b300000] [id=17052]
  0x000001f0f0f94b80 ConcurrentGCThread "G1 Refine#0" [stack: 0x000000037b300000,0x000000037b400000] [id=9184]
  0x000001f0f0f955a0 ConcurrentGCThread "G1 Service" [stack: 0x000000037b400000,0x000000037b500000] [id=4872]

Threads with active compile tasks:

VM state: at safepoint (normal execution)

VM Mutex/Monitor currently owned by a thread:  ([mutex/lock_event])
[0x000001f0f0eb8240] Threads_lock - owner thread: 0x000001f0ffe4cc30

Heap address: 0x0000000083200000, size: 1998 MB, Compressed Oops mode: 32-bit

CDS archive(s) mapped at: [0x0000000800000000-0x0000000800bd0000-0x0000000800bd0000), size 12386304, SharedBaseAddress: 0x0000000800000000, ArchiveRelocationMode: 0.
Compressed class space mapped at: 0x0000000800c00000-0x0000000840c00000, reserved size: 1073741824
Narrow klass base: 0x0000000800000000, Narrow klass shift: 0, Narrow klass range: 0x100000000

GC Precious Log:
 CPUs: 8 total, 8 available
 Memory: 7991M
 Large Page Support: Disabled
 NUMA Support: Disabled
 Compressed Oops: Enabled (32-bit)
 Heap Region Size: 1M
 Heap Min Capacity: 8M
 Heap Initial Capacity: 126M
 Heap Max Capacity: 1998M
 Pre-touch: Disabled
 Parallel Workers: 8
 Concurrent Workers: 2
 Concurrent Refinement Workers: 8
 Periodic GC: Disabled

Heap:
 garbage-first heap   total 129024K, used 7168K [0x0000000083200000, 0x0000000100000000)
  region size 1024K, 8 young (8192K), 0 survivors (0K)
 Metaspace       used 3090K, committed 3200K, reserved 1056768K
  class space    used 280K, committed 320K, reserved 1048576K

Heap Regions: E=young(eden), S=young(survivor), O=old, HS=humongous(starts), HC=humongous(continues), CS=collection set, F=free, OA=open archive, CA=closed archive, TAMS=top-at-mark-start (previous, next)
|   0|0x0000000083200000, 0x0000000083200000, 0x0000000083300000|  0%| F|  |TAMS 0x0000000083200000, 0x0000000083200000| Untracked 
|   1|0x0000000083300000, 0x0000000083300000, 0x0000000083400000|  0%| F|  |TAMS 0x0000000083300000, 0x0000000083300000| Untracked 
|   2|0x0000000083400000, 0x0000000083400000, 0x0000000083500000|  0%| F|  |TAMS 0x0000000083400000, 0x0000000083400000| Untracked 
|   3|0x0000000083500000, 0x0000000083500000, 0x0000000083600000|  0%| F|  |TAMS 0x0000000083500000, 0x0000000083500000| Untracked 
|   4|0x0000000083600000, 0x0000000083600000, 0x0000000083700000|  0%| F|  |TAMS 0x0000000083600000, 0x0000000083600000| Untracked 
|   5|0x0000000083700000, 0x0000000083700000, 0x0000000083800000|  0%| F|  |TAMS 0x0000000083700000, 0x0000000083700000| Untracked 
|   6|0x0000000083800000, 0x0000000083800000, 0x0000000083900000|  0%| F|  |TAMS 0x0000000083800000, 0x0000000083800000| Untracked 
|   7|0x0000000083900000, 0x0000000083900000, 0x0000000083a00000|  0%| F|  |TAMS 0x0000000083900000, 0x0000000083900000| Untracked 
|   8|0x0000000083a00000, 0x0000000083a00000, 0x0000000083b00000|  0%| F|  |TAMS 0x0000000083a00000, 0x0000000083a00000| Untracked 
|   9|0x0000000083b00000, 0x0000000083b00000, 0x0000000083c00000|  0%| F|  |TAMS 0x0000000083b00000, 0x0000000083b00000| Untracked 
|  10|0x0000000083c00000, 0x0000000083c00000, 0x0000000083d00000|  0%| F|  |TAMS 0x0000000083c00000, 0x0000000083c00000| Untracked 
|  11|0x0000000083d00000, 0x0000000083d00000, 0x0000000083e00000|  0%| F|  |TAMS 0x0000000083d00000, 0x0000000083d00000| Untracked 
|  12|0x0000000083e00000, 0x0000000083e00000, 0x0000000083f00000|  0%| F|  |TAMS 0x0000000083e00000, 0x0000000083e00000| Untracked 
|  13|0x0000000083f00000, 0x0000000083f00000, 0x0000000084000000|  0%| F|  |TAMS 0x0000000083f00000, 0x0000000083f00000| Untracked 
|  14|0x0000000084000000, 0x0000000084000000, 0x0000000084100000|  0%| F|  |TAMS 0x0000000084000000, 0x0000000084000000| Untracked 
|  15|0x0000000084100000, 0x0000000084100000, 0x0000000084200000|  0%| F|  |TAMS 0x0000000084100000, 0x0000000084100000| Untracked 
|  16|0x0000000084200000, 0x0000000084200000, 0x0000000084300000|  0%| F|  |TAMS 0x0000000084200000, 0x0000000084200000| Untracked 
|  17|0x0000000084300000, 0x0000000084300000, 0x0000000084400000|  0%| F|  |TAMS 0x0000000084300000, 0x0000000084300000| Untracked 
|  18|0x0000000084400000, 0x0000000084400000, 0x0000000084500000|  0%| F|  |TAMS 0x0000000084400000, 0x0000000084400000| Untracked 
|  19|0x0000000084500000, 0x0000000084500000, 0x0000000084600000|  0%| F|  |TAMS 0x0000000084500000, 0x0000000084500000| Untracked 
|  20|0x0000000084600000, 0x0000000084600000, 0x0000000084700000|  0%| F|  |TAMS 0x0000000084600000, 0x0000000084600000| Untracked 
|  21|0x0000000084700000, 0x0000000084700000, 0x0000000084800000|  0%| F|  |TAMS 0x0000000084700000, 0x0000000084700000| Untracked 
|  22|0x0000000084800000, 0x0000000084800000, 0x0000000084900000|  0%| F|  |TAMS 0x0000000084800000, 0x0000000084800000| Untracked 
|  23|0x0000000084900000, 0x0000000084900000, 0x0000000084a00000|  0%| F|  |TAMS 0x0000000084900000, 0x0000000084900000| Untracked 
|  24|0x0000000084a00000, 0x0000000084a00000, 0x0000000084b00000|  0%| F|  |TAMS 0x0000000084a00000, 0x0000000084a00000| Untracked 
|  25|0x0000000084b00000, 0x0000000084b00000, 0x0000000084c00000|  0%| F|  |TAMS 0x0000000084b00000, 0x0000000084b00000| Untracked 
|  26|0x0000000084c00000, 0x0000000084c00000, 0x0000000084d00000|  0%| F|  |TAMS 0x0000000084c00000, 0x0000000084c00000| Untracked 
|  27|0x0000000084d00000, 0x0000000084d00000, 0x0000000084e00000|  0%| F|  |TAMS 0x0000000084d00000, 0x0000000084d00000| Untracked 
|  28|0x0000000084e00000, 0x0000000084e00000, 0x0000000084f00000|  0%| F|  |TAMS 0x0000000084e00000, 0x0000000084e00000| Untracked 
|  29|0x0000000084f00000, 0x0000000084f00000, 0x0000000085000000|  0%| F|  |TAMS 0x0000000084f00000, 0x0000000084f00000| Untracked 
|  30|0x0000000085000000, 0x0000000085000000, 0x0000000085100000|  0%| F|  |TAMS 0x0000000085000000, 0x0000000085000000| Untracked 
|  31|0x0000000085100000, 0x0000000085100000, 0x0000000085200000|  0%| F|  |TAMS 0x0000000085100000, 0x0000000085100000| Untracked 
|  32|0x0000000085200000, 0x0000000085200000, 0x0000000085300000|  0%| F|  |TAMS 0x0000000085200000, 0x0000000085200000| Untracked 
|  33|0x0000000085300000, 0x0000000085300000, 0x0000000085400000|  0%| F|  |TAMS 0x0000000085300000, 0x0000000085300000| Untracked 
|  34|0x0000000085400000, 0x0000000085400000, 0x0000000085500000|  0%| F|  |TAMS 0x0000000085400000, 0x0000000085400000| Untracked 
|  35|0x0000000085500000, 0x0000000085500000, 0x0000000085600000|  0%| F|  |TAMS 0x0000000085500000, 0x0000000085500000| Untracked 
|  36|0x0000000085600000, 0x0000000085600000, 0x0000000085700000|  0%| F|  |TAMS 0x0000000085600000, 0x0000000085600000| Untracked 
|  37|0x0000000085700000, 0x0000000085700000, 0x0000000085800000|  0%| F|  |TAMS 0x0000000085700000, 0x0000000085700000| Untracked 
|  38|0x0000000085800000, 0x0000000085800000, 0x0000000085900000|  0%| F|  |TAMS 0x0000000085800000, 0x0000000085800000| Untracked 
|  39|0x0000000085900000, 0x0000000085900000, 0x0000000085a00000|  0%| F|  |TAMS 0x0000000085900000, 0x0000000085900000| Untracked 
|  40|0x0000000085a00000, 0x0000000085a00000, 0x0000000085b00000|  0%| F|  |TAMS 0x0000000085a00000, 0x0000000085a00000| Untracked 
|  41|0x0000000085b00000, 0x0000000085b00000, 0x0000000085c00000|  0%| F|  |TAMS 0x0000000085b00000, 0x0000000085b00000| Untracked 
|  42|0x0000000085c00000, 0x0000000085c00000, 0x0000000085d00000|  0%| F|  |TAMS 0x0000000085c00000, 0x0000000085c00000| Untracked 
|  43|0x0000000085d00000, 0x0000000085d00000, 0x0000000085e00000|  0%| F|  |TAMS 0x0000000085d00000, 0x0000000085d00000| Untracked 
|  44|0x0000000085e00000, 0x0000000085e00000, 0x0000000085f00000|  0%| F|  |TAMS 0x0000000085e00000, 0x0000000085e00000| Untracked 
|  45|0x0000000085f00000, 0x0000000085f00000, 0x0000000086000000|  0%| F|  |TAMS 0x0000000085f00000, 0x0000000085f00000| Untracked 
|  46|0x0000000086000000, 0x0000000086000000, 0x0000000086100000|  0%| F|  |TAMS 0x0000000086000000, 0x0000000086000000| Untracked 
|  47|0x0000000086100000, 0x0000000086100000, 0x0000000086200000|  0%| F|  |TAMS 0x0000000086100000, 0x0000000086100000| Untracked 
|  48|0x0000000086200000, 0x0000000086200000, 0x0000000086300000|  0%| F|  |TAMS 0x0000000086200000, 0x0000000086200000| Untracked 
|  49|0x0000000086300000, 0x0000000086300000, 0x0000000086400000|  0%| F|  |TAMS 0x0000000086300000, 0x0000000086300000| Untracked 
|  50|0x0000000086400000, 0x0000000086400000, 0x0000000086500000|  0%| F|  |TAMS 0x0000000086400000, 0x0000000086400000| Untracked 
|  51|0x0000000086500000, 0x0000000086500000, 0x0000000086600000|  0%| F|  |TAMS 0x0000000086500000, 0x0000000086500000| Untracked 
|  52|0x0000000086600000, 0x0000000086600000, 0x0000000086700000|  0%| F|  |TAMS 0x0000000086600000, 0x0000000086600000| Untracked 
|  53|0x0000000086700000, 0x0000000086700000, 0x0000000086800000|  0%| F|  |TAMS 0x0000000086700000, 0x0000000086700000| Untracked 
|  54|0x0000000086800000, 0x0000000086800000, 0x0000000086900000|  0%| F|  |TAMS 0x0000000086800000, 0x0000000086800000| Untracked 
|  55|0x0000000086900000, 0x0000000086900000, 0x0000000086a00000|  0%| F|  |TAMS 0x0000000086900000, 0x0000000086900000| Untracked 
|  56|0x0000000086a00000, 0x0000000086a00000, 0x0000000086b00000|  0%| F|  |TAMS 0x0000000086a00000, 0x0000000086a00000| Untracked 
|  57|0x0000000086b00000, 0x0000000086b00000, 0x0000000086c00000|  0%| F|  |TAMS 0x0000000086b00000, 0x0000000086b00000| Untracked 
|  58|0x0000000086c00000, 0x0000000086c00000, 0x0000000086d00000|  0%| F|  |TAMS 0x0000000086c00000, 0x0000000086c00000| Untracked 
|  59|0x0000000086d00000, 0x0000000086d00000, 0x0000000086e00000|  0%| F|  |TAMS 0x0000000086d00000, 0x0000000086d00000| Untracked 
|  60|0x0000000086e00000, 0x0000000086e00000, 0x0000000086f00000|  0%| F|  |TAMS 0x0000000086e00000, 0x0000000086e00000| Untracked 
|  61|0x0000000086f00000, 0x0000000086f00000, 0x0000000087000000|  0%| F|  |TAMS 0x0000000086f00000, 0x0000000086f00000| Untracked 
|  62|0x0000000087000000, 0x0000000087000000, 0x0000000087100000|  0%| F|  |TAMS 0x0000000087000000, 0x0000000087000000| Untracked 
|  63|0x0000000087100000, 0x0000000087100000, 0x0000000087200000|  0%| F|  |TAMS 0x0000000087100000, 0x0000000087100000| Untracked 
|  64|0x0000000087200000, 0x0000000087200000, 0x0000000087300000|  0%| F|  |TAMS 0x0000000087200000, 0x0000000087200000| Untracked 
|  65|0x0000000087300000, 0x0000000087300000, 0x0000000087400000|  0%| F|  |TAMS 0x0000000087300000, 0x0000000087300000| Untracked 
|  66|0x0000000087400000, 0x0000000087400000, 0x0000000087500000|  0%| F|  |TAMS 0x0000000087400000, 0x0000000087400000| Untracked 
|  67|0x0000000087500000, 0x0000000087500000, 0x0000000087600000|  0%| F|  |TAMS 0x0000000087500000, 0x0000000087500000| Untracked 
|  68|0x0000000087600000, 0x0000000087600000, 0x0000000087700000|  0%| F|  |TAMS 0x0000000087600000, 0x0000000087600000| Untracked 
|  69|0x0000000087700000, 0x0000000087700000, 0x0000000087800000|  0%| F|  |TAMS 0x0000000087700000, 0x0000000087700000| Untracked 
|  70|0x0000000087800000, 0x0000000087800000, 0x0000000087900000|  0%| F|  |TAMS 0x0000000087800000, 0x0000000087800000| Untracked 
|  71|0x0000000087900000, 0x0000000087900000, 0x0000000087a00000|  0%| F|  |TAMS 0x0000000087900000, 0x0000000087900000| Untracked 
|  72|0x0000000087a00000, 0x0000000087a00000, 0x0000000087b00000|  0%| F|  |TAMS 0x0000000087a00000, 0x0000000087a00000| Untracked 
|  73|0x0000000087b00000, 0x0000000087b00000, 0x0000000087c00000|  0%| F|  |TAMS 0x0000000087b00000, 0x0000000087b00000| Untracked 
|  74|0x0000000087c00000, 0x0000000087c00000, 0x0000000087d00000|  0%| F|  |TAMS 0x0000000087c00000, 0x0000000087c00000| Untracked 
|  75|0x0000000087d00000, 0x0000000087d00000, 0x0000000087e00000|  0%| F|  |TAMS 0x0000000087d00000, 0x0000000087d00000| Untracked 
|  76|0x0000000087e00000, 0x0000000087e00000, 0x0000000087f00000|  0%| F|  |TAMS 0x0000000087e00000, 0x0000000087e00000| Untracked 
|  77|0x0000000087f00000, 0x0000000087f00000, 0x0000000088000000|  0%| F|  |TAMS 0x0000000087f00000, 0x0000000087f00000| Untracked 
|  78|0x0000000088000000, 0x0000000088000000, 0x0000000088100000|  0%| F|  |TAMS 0x0000000088000000, 0x0000000088000000| Untracked 
|  79|0x0000000088100000, 0x0000000088100000, 0x0000000088200000|  0%| F|  |TAMS 0x0000000088100000, 0x0000000088100000| Untracked 
|  80|0x0000000088200000, 0x0000000088200000, 0x0000000088300000|  0%| F|  |TAMS 0x0000000088200000, 0x0000000088200000| Untracked 
|  81|0x0000000088300000, 0x0000000088300000, 0x0000000088400000|  0%| F|  |TAMS 0x0000000088300000, 0x0000000088300000| Untracked 
|  82|0x0000000088400000, 0x0000000088400000, 0x0000000088500000|  0%| F|  |TAMS 0x0000000088400000, 0x0000000088400000| Untracked 
|  83|0x0000000088500000, 0x0000000088500000, 0x0000000088600000|  0%| F|  |TAMS 0x0000000088500000, 0x0000000088500000| Untracked 
|  84|0x0000000088600000, 0x0000000088600000, 0x0000000088700000|  0%| F|  |TAMS 0x0000000088600000, 0x0000000088600000| Untracked 
|  85|0x0000000088700000, 0x0000000088700000, 0x0000000088800000|  0%| F|  |TAMS 0x0000000088700000, 0x0000000088700000| Untracked 
|  86|0x0000000088800000, 0x0000000088800000, 0x0000000088900000|  0%| F|  |TAMS 0x0000000088800000, 0x0000000088800000| Untracked 
|  87|0x0000000088900000, 0x0000000088900000, 0x0000000088a00000|  0%| F|  |TAMS 0x0000000088900000, 0x0000000088900000| Untracked 
|  88|0x0000000088a00000, 0x0000000088a00000, 0x0000000088b00000|  0%| F|  |TAMS 0x0000000088a00000, 0x0000000088a00000| Untracked 
|  89|0x0000000088b00000, 0x0000000088b00000, 0x0000000088c00000|  0%| F|  |TAMS 0x0000000088b00000, 0x0000000088b00000| Untracked 
|  90|0x0000000088c00000, 0x0000000088c00000, 0x0000000088d00000|  0%| F|  |TAMS 0x0000000088c00000, 0x0000000088c00000| Untracked 
|  91|0x0000000088d00000, 0x0000000088d00000, 0x0000000088e00000|  0%| F|  |TAMS 0x0000000088d00000, 0x0000000088d00000| Untracked 
|  92|0x0000000088e00000, 0x0000000088e00000, 0x0000000088f00000|  0%| F|  |TAMS 0x0000000088e00000, 0x0000000088e00000| Untracked 
|  93|0x0000000088f00000, 0x0000000088f00000, 0x0000000089000000|  0%| F|  |TAMS 0x0000000088f00000, 0x0000000088f00000| Untracked 
|  94|0x0000000089000000, 0x0000000089000000, 0x0000000089100000|  0%| F|  |TAMS 0x0000000089000000, 0x0000000089000000| Untracked 
|  95|0x0000000089100000, 0x0000000089100000, 0x0000000089200000|  0%| F|  |TAMS 0x0000000089100000, 0x0000000089100000| Untracked 
|  96|0x0000000089200000, 0x0000000089200000, 0x0000000089300000|  0%| F|  |TAMS 0x0000000089200000, 0x0000000089200000| Untracked 
|  97|0x0000000089300000, 0x0000000089300000, 0x0000000089400000|  0%| F|  |TAMS 0x0000000089300000, 0x0000000089300000| Untracked 
|  98|0x0000000089400000, 0x0000000089400000, 0x0000000089500000|  0%| F|  |TAMS 0x0000000089400000, 0x0000000089400000| Untracked 
|  99|0x0000000089500000, 0x0000000089500000, 0x0000000089600000|  0%| F|  |TAMS 0x0000000089500000, 0x0000000089500000| Untracked 
| 100|0x0000000089600000, 0x0000000089600000, 0x0000000089700000|  0%| F|  |TAMS 0x0000000089600000, 0x0000000089600000| Untracked 
| 101|0x0000000089700000, 0x0000000089700000, 0x0000000089800000|  0%| F|  |TAMS 0x0000000089700000, 0x0000000089700000| Untracked 
| 102|0x0000000089800000, 0x0000000089800000, 0x0000000089900000|  0%| F|  |TAMS 0x0000000089800000, 0x0000000089800000| Untracked 
| 103|0x0000000089900000, 0x0000000089900000, 0x0000000089a00000|  0%| F|  |TAMS 0x0000000089900000, 0x0000000089900000| Untracked 
| 104|0x0000000089a00000, 0x0000000089a00000, 0x0000000089b00000|  0%| F|  |TAMS 0x0000000089a00000, 0x0000000089a00000| Untracked 
| 105|0x0000000089b00000, 0x0000000089b00000, 0x0000000089c00000|  0%| F|  |TAMS 0x0000000089b00000, 0x0000000089b00000| Untracked 
| 106|0x0000000089c00000, 0x0000000089c00000, 0x0000000089d00000|  0%| F|  |TAMS 0x0000000089c00000, 0x0000000089c00000| Untracked 
| 107|0x0000000089d00000, 0x0000000089d00000, 0x0000000089e00000|  0%| F|  |TAMS 0x0000000089d00000, 0x0000000089d00000| Untracked 
| 108|0x0000000089e00000, 0x0000000089e00000, 0x0000000089f00000|  0%| F|  |TAMS 0x0000000089e00000, 0x0000000089e00000| Untracked 
| 109|0x0000000089f00000, 0x0000000089f00000, 0x000000008a000000|  0%| F|  |TAMS 0x0000000089f00000, 0x0000000089f00000| Untracked 
| 110|0x000000008a000000, 0x000000008a000000, 0x000000008a100000|  0%| F|  |TAMS 0x000000008a000000, 0x000000008a000000| Untracked 
| 111|0x000000008a100000, 0x000000008a100000, 0x000000008a200000|  0%| F|  |TAMS 0x000000008a100000, 0x000000008a100000| Untracked 
| 112|0x000000008a200000, 0x000000008a200000, 0x000000008a300000|  0%| F|  |TAMS 0x000000008a200000, 0x000000008a200000| Untracked 
| 113|0x000000008a300000, 0x000000008a300000, 0x000000008a400000|  0%| F|  |TAMS 0x000000008a300000, 0x000000008a300000| Untracked 
| 114|0x000000008a400000, 0x000000008a400000, 0x000000008a500000|  0%| F|  |TAMS 0x000000008a400000, 0x000000008a400000| Untracked 
| 115|0x000000008a500000, 0x000000008a500000, 0x000000008a600000|  0%| F|  |TAMS 0x000000008a500000, 0x000000008a500000| Untracked 
| 116|0x000000008a600000, 0x000000008a600000, 0x000000008a700000|  0%| F|  |TAMS 0x000000008a600000, 0x000000008a600000| Untracked 
| 117|0x000000008a700000, 0x000000008a700000, 0x000000008a800000|  0%| F|  |TAMS 0x000000008a700000, 0x000000008a700000| Untracked 
| 118|0x000000008a800000, 0x000000008a876440, 0x000000008a900000| 46%| E|  |TAMS 0x000000008a800000, 0x000000008a800000| Complete 
| 119|0x000000008a900000, 0x000000008aa00000, 0x000000008aa00000|100%| E|CS|TAMS 0x000000008a900000, 0x000000008a900000| Complete 
| 120|0x000000008aa00000, 0x000000008ab00000, 0x000000008ab00000|100%| E|CS|TAMS 0x000000008aa00000, 0x000000008aa00000| Complete 
| 121|0x000000008ab00000, 0x000000008ac00000, 0x000000008ac00000|100%| E|CS|TAMS 0x000000008ab00000, 0x000000008ab00000| Complete 
| 122|0x000000008ac00000, 0x000000008ad00000, 0x000000008ad00000|100%| E|CS|TAMS 0x000000008ac00000, 0x000000008ac00000| Complete 
| 123|0x000000008ad00000, 0x000000008ae00000, 0x000000008ae00000|100%| E|CS|TAMS 0x000000008ad00000, 0x000000008ad00000| Complete 
| 124|0x000000008ae00000, 0x000000008af00000, 0x000000008af00000|100%| E|CS|TAMS 0x000000008ae00000, 0x000000008ae00000| Complete 
| 125|0x000000008af00000, 0x000000008b000000, 0x000000008b000000|100%| E|CS|TAMS 0x000000008af00000, 0x000000008af00000| Complete 

Card table byte_map: [0x000001f0fad80000,0x000001f0fb170000] _byte_map_base: 0x000001f0fa967000

Marking Bits (Prev, Next): (CMBitMap*) 0x000001f0f0f162a0, (CMBitMap*) 0x000001f0f0f162e0
 Prev Bits: [0x000001f0fb560000, 0x000001f0fd498000)
 Next Bits: [0x000001f0fd4a0000, 0x000001f0ff3d8000)

Polling page: 0x000001f0f9f00000

Metaspace:

Usage:
  Non-class:      2.74 MB used.
      Class:    280.52 KB used.
       Both:      3.02 MB used.

Virtual space:
  Non-class space:        8.00 MB reserved,       2.81 MB ( 35%) committed,  1 nodes.
      Class space:        1.00 GB reserved,     320.00 KB ( <1%) committed,  1 nodes.
             Both:        1.01 GB reserved,       3.12 MB ( <1%) committed. 

Chunk freelists:
   Non-Class:  3.69 MB
       Class:  3.72 MB
        Both:  7.41 MB

MaxMetaspaceSize: unlimited
CompressedClassSpaceSize: 1.00 GB
Initial GC threshold: 21.00 MB
Current GC threshold: 21.00 MB
CDS: on
MetaspaceReclaimPolicy: balanced
 - commit_granule_bytes: 65536.
 - commit_granule_words: 8192.
 - virtual_space_node_default_size: 1048576.
 - enlarge_chunks_in_place: 1.
 - new_chunks_are_fully_committed: 0.
 - uncommit_free_chunks: 1.
 - use_allocation_guard: 0.
 - handle_deallocations: 1.


Internal statistics:

num_allocs_failed_limit: 0.
num_arena_births: 10.
num_arena_deaths: 0.
num_vsnodes_births: 2.
num_vsnodes_deaths: 0.
num_space_committed: 50.
num_space_uncommitted: 0.
num_chunks_returned_to_freelist: 0.
num_chunks_taken_from_freelist: 30.
num_chunk_merges: 0.
num_chunk_splits: 18.
num_chunks_enlarged: 15.
num_purges: 0.
num_inconsistent_stats: 0.

CodeHeap 'non-profiled nmethods': size=120000Kb used=179Kb max_used=179Kb free=119820Kb
 bounds [0x000001f087ad0000, 0x000001f087d40000, 0x000001f08f000000]
CodeHeap 'profiled nmethods': size=120000Kb used=870Kb max_used=870Kb free=119129Kb
 bounds [0x000001f080000000, 0x000001f080270000, 0x000001f087530000]
CodeHeap 'non-nmethods': size=5760Kb used=1217Kb max_used=1233Kb free=4542Kb
 bounds [0x000001f087530000, 0x000001f0877a0000, 0x000001f087ad0000]
 total_blobs=981 nmethods=557 adapters=337
 compilation: enabled
              stopped_count=0, restarted_count=0
 full_count=0

Compilation events (20 events):
Event: 0.285 Thread 0x000001f0ffe7b7d0  550       1       ar.utn.ap.pronosticos.Aciertos::getNombre (5 bytes)
Event: 0.285 Thread 0x000001f0ffe7b7d0 nmethod 550 0x000001f087afc910 code [0x000001f087afcaa0, 0x000001f087afcb78]
Event: 296.528 Thread 0x000001f0ffe7ad30  553       4       org.eclipse.jdt.launching.internal.org.objectweb.asm.ClassReader::getItem (7 bytes)
Event: 296.529 Thread 0x000001f0ffe7b7d0  554       3       org.eclipse.jdt.launching.internal.org.objectweb.asm.ClassReader::readClass (7 bytes)
Event: 296.529 Thread 0x000001f0ffe7ad30 nmethod 553 0x000001f087afcc10 code [0x000001f087afcd80, 0x000001f087afce38]
Event: 296.531 Thread 0x000001f0ffe7b7d0 

Event: 296.531 Thread 0x000001f0ffe7b7d0  555       3       org.eclipse.jdt.launching.internal.org.objectweb.asm.ClassReader::readStringish (16 bytes)
Event: 296.532 Thread 0x000001f0ffe7b7d0 nmethod 555 0x000001f0800d8510 code [0x000001f0800d86e0, 0x000001f0800d8a08]
Event: 327.204 Thread 0x000001f0ffe7b7d0  556       3       org.eclipse.jdt.launching.internal.org.objectweb.asm.ClassReader::readInt (52 bytes)
Event: 327.204 Thread 0x000001f0ffe7b7d0 nmethod 556 0x000001f0800d8b90 code [0x000001f0800d8d20, 0x000001f0800d8ef8]
Event: 327.204 Thread 0x000001f0ffe7b7d0  557       3       org.eclipse.jdt.launching.internal.org.objectweb.asm.SymbolTable::addConstantMemberReference (29 bytes)
Event: 327.207 Thread 0x000001f0ffe7b7d0 

Event: 327.207 Thread 0x000001f0ffe7b7d0  558       3       org.eclipse.jdt.launching.internal.org.objectweb.asm.SymbolTable::hash (20 bytes)
Event: 327.207 Thread 0x000001f0ffe7b7d0 nmethod 558 0x000001f0800d9010 code [0x000001f0800d91c0, 0x000001f0800d93a8]
Event: 417.890 Thread 0x000001f0ffe7ad30  559       4       org.eclipse.jdt.launching.internal.org.objectweb.asm.ClassReader::readUtf (161 bytes)
Event: 417.890 Thread 0x000001f0ffe7b7d0  560       3       org.eclipse.jdt.launching.internal.org.objectweb.asm.SymbolTable::hash (15 bytes)
Event: 417.891 Thread 0x000001f0ffe7b7d0 nmethod 560 0x000001f0800d9510 code [0x000001f0800d96c0, 0x000001f0800d9858]
Event: 417.891 Thread 0x000001f0ffe7b7d0  561       3       org.eclipse.jdt.launching.internal.org.objectweb.asm.SymbolTable::addConstantNameAndType (28 bytes)
Event: 417.893 Thread 0x000001f0ffe7b7d0 

Event: 417.903 Thread 0x000001f0ffe7ad30 


GC Heap History (0 events):
No events

Deoptimization events (20 events):
Event: 0.250 Thread 0x000001f0f0ebdc60 DEOPT PACKING pc=0x000001f0800b2934 sp=0x000000037aff8370
Event: 0.250 Thread 0x000001f0f0ebdc60 DEOPT UNPACKING pc=0x000001f0875866e3 sp=0x000000037aff77d8 mode 0
Event: 0.251 Thread 0x000001f0f0ebdc60 DEOPT PACKING pc=0x000001f0800b2934 sp=0x000000037affbdc0
Event: 0.251 Thread 0x000001f0f0ebdc60 DEOPT UNPACKING pc=0x000001f0875866e3 sp=0x000000037affb228 mode 0
Event: 0.251 Thread 0x000001f0f0ebdc60 DEOPT PACKING pc=0x000001f0800b2934 sp=0x000000037affbdc0
Event: 0.251 Thread 0x000001f0f0ebdc60 DEOPT UNPACKING pc=0x000001f0875866e3 sp=0x000000037affb228 mode 0
Event: 0.251 Thread 0x000001f0f0ebdc60 DEOPT PACKING pc=0x000001f0800b2934 sp=0x000000037affbdc0
Event: 0.251 Thread 0x000001f0f0ebdc60 DEOPT UNPACKING pc=0x000001f0875866e3 sp=0x000000037affb228 mode 0
Event: 0.255 Thread 0x000001f0f0ebdc60 DEOPT PACKING pc=0x000001f0800b2934 sp=0x000000037affbdc0
Event: 0.255 Thread 0x000001f0f0ebdc60 DEOPT UNPACKING pc=0x000001f0875866e3 sp=0x000000037affb228 mode 0
Event: 0.255 Thread 0x000001f0f0ebdc60 DEOPT PACKING pc=0x000001f0800b2934 sp=0x000000037affbc70
Event: 0.255 Thread 0x000001f0f0ebdc60 DEOPT UNPACKING pc=0x000001f0875866e3 sp=0x000000037affb0d8 mode 0
Event: 0.260 Thread 0x000001f0f0ebdc60 DEOPT PACKING pc=0x000001f0800b2934 sp=0x000000037aff7f60
Event: 0.260 Thread 0x000001f0f0ebdc60 DEOPT UNPACKING pc=0x000001f0875866e3 sp=0x000000037aff73c8 mode 0
Event: 0.260 Thread 0x000001f0f0ebdc60 DEOPT PACKING pc=0x000001f0800b2934 sp=0x000000037aff7f60
Event: 0.260 Thread 0x000001f0f0ebdc60 DEOPT UNPACKING pc=0x000001f0875866e3 sp=0x000000037aff73c8 mode 0
Event: 0.260 Thread 0x000001f0f0ebdc60 DEOPT PACKING pc=0x000001f0800b285c sp=0x000000037aff7f60
Event: 0.260 Thread 0x000001f0f0ebdc60 DEOPT UNPACKING pc=0x000001f0875866e3 sp=0x000000037aff73c8 mode 0
Event: 0.260 Thread 0x000001f0f0ebdc60 DEOPT PACKING pc=0x000001f0800b285c sp=0x000000037aff7f60
Event: 0.260 Thread 0x000001f0f0ebdc60 DEOPT UNPACKING pc=0x000001f0875866e3 sp=0x000000037aff73c8 mode 0

Classes unloaded (0 events):
No events

Classes redefined (5 events):
Event: 296.529 Thread 0x000001f0ffe4cc30 redefined class name=ar.utn.ap.pronosticos.Util, count=1
Event: 296.529 Thread 0x000001f0ffe4cc30 redefined class name=ar.utn.ap.pronosticos.Util$1, count=1
Event: 327.205 Thread 0x000001f0ffe4cc30 redefined class name=ar.utn.ap.pronosticos.Util, count=2
Event: 327.205 Thread 0x000001f0ffe4cc30 redefined class name=ar.utn.ap.pronosticos.Util$1, count=2
Event: 417.892 Thread 0x000001f0ffe4cc30 redefined class name=ar.utn.ap.pronosticos.Procesador, count=1

Internal exceptions (0 events):
No events

VM Operations (20 events):
Event: 327.221 Executing VM operation: get/set locals done
Event: 327.222 Executing VM operation: ChangeSingleStep
Event: 327.222 Executing VM operation: ChangeSingleStep done
Event: 327.328 Executing VM operation: get/set locals
Event: 327.328 Executing VM operation: get/set locals done
Event: 327.433 Executing VM operation: get/set locals
Event: 327.433 Executing VM operation: get/set locals done
Event: 417.887 Executing VM operation: ChangeSingleStep
Event: 417.887 Executing VM operation: ChangeSingleStep done
Event: 417.887 Executing VM operation: ChangeSingleStep
Event: 417.887 Executing VM operation: ChangeSingleStep done
Event: 417.891 Executing VM operation: RedefineClasses
Event: 417.893 Executing VM operation: RedefineClasses done
Event: 417.898 Executing VM operation: ChangeBreakpoints
Event: 417.898 Executing VM operation: ChangeBreakpoints done
Event: 417.900 Executing VM operation: ChangeSingleStep
Event: 417.900 Executing VM operation: ChangeSingleStep done
Event: 417.901 Executing VM operation: ChangeSingleStep
Event: 417.901 Executing VM operation: ChangeSingleStep done
Event: 417.963 Executing VM operation: get/set locals

Events (20 events):
Event: 0.275 loading class sun/nio/cs/StreamDecoder done
Event: 0.275 loading class java/io/BufferedReader
Event: 0.275 loading class java/io/BufferedReader done
Event: 0.275 loading class java/nio/channels/SelectableChannel
Event: 0.275 loading class java/nio/channels/SelectableChannel done
Event: 0.275 loading class sun/nio/ch/NativeThread
Event: 0.275 loading class sun/nio/ch/NativeThread done
Event: 0.275 loading class sun/nio/ch/Util
Event: 0.275 loading class sun/nio/ch/Util done
Event: 0.275 loading class sun/nio/ch/Util$1
Event: 0.275 loading class sun/nio/ch/Util$1 done
Event: 0.275 loading class sun/nio/ch/Util$BufferCache
Event: 0.275 loading class sun/nio/ch/Util$BufferCache done
Event: 0.276 loading class java/nio/DirectByteBuffer$Deallocator
Event: 0.276 loading class java/nio/DirectByteBuffer$Deallocator done
Event: 0.276 loading class sun/nio/ch/IOStatus
Event: 0.276 loading class sun/nio/ch/IOStatus done
Event: 0.283 loading class java/lang/NoSuchFieldError
Event: 0.283 loading class java/lang/NoSuchFieldError done
Event: 5.290 Thread 0x000001f0919eb4e0 Thread exited: 0x000001f0919eb4e0


Dynamic libraries:
0x00007ff75e490000 - 0x00007ff75e4a0000 	C:\Program Files\Java\jdk-17\bin\javaw.exe
0x00007fff14f70000 - 0x00007fff15168000 	C:\Windows\SYSTEM32\ntdll.dll
0x00007fff14d50000 - 0x00007fff14e0f000 	C:\Windows\System32\KERNEL32.DLL
0x00007fff12ab0000 - 0x00007fff12d8a000 	C:\Windows\System32\KERNELBASE.dll
0x00007fff12920000 - 0x00007fff12a20000 	C:\Windows\System32\ucrtbase.dll
0x00007fff0dd40000 - 0x00007fff0dd58000 	C:\Program Files\Java\jdk-17\bin\jli.dll
0x00007fff05d50000 - 0x00007fff05d6b000 	C:\Program Files\Java\jdk-17\bin\VCRUNTIME140.dll
0x00007fff131f0000 - 0x00007fff1329e000 	C:\Windows\System32\ADVAPI32.dll
0x00007fff132a0000 - 0x00007fff1333e000 	C:\Windows\System32\msvcrt.dll
0x00007fff13340000 - 0x00007fff133dc000 	C:\Windows\System32\sechost.dll
0x00007fff14360000 - 0x00007fff14486000 	C:\Windows\System32\RPCRT4.dll
0x00007fff14680000 - 0x00007fff1481d000 	C:\Windows\System32\USER32.dll
0x00007fff12fa0000 - 0x00007fff12fc2000 	C:\Windows\System32\win32u.dll
0x00007ffefdee0000 - 0x00007ffefe17a000 	C:\Windows\WinSxS\amd64_microsoft.windows.common-controls_6595b64144ccf1df_6.0.19041.1110_none_60b5254171f9507e\COMCTL32.dll
0x00007fff13080000 - 0x00007fff130ab000 	C:\Windows\System32\GDI32.dll
0x00007fff12e40000 - 0x00007fff12f50000 	C:\Windows\System32\gdi32full.dll
0x00007fff12880000 - 0x00007fff1291d000 	C:\Windows\System32\msvcp_win.dll
0x00007fff09e70000 - 0x00007fff09e7a000 	C:\Windows\SYSTEM32\VERSION.dll
0x00007fff14f00000 - 0x00007fff14f30000 	C:\Windows\System32\IMM32.DLL
0x00007fff05d40000 - 0x00007fff05d4c000 	C:\Program Files\Java\jdk-17\bin\vcruntime140_1.dll
0x00007ffeec7b0000 - 0x00007ffeec83e000 	C:\Program Files\Java\jdk-17\bin\msvcp140.dll
0x00007ffecf900000 - 0x00007ffed04d7000 	C:\Program Files\Java\jdk-17\bin\server\jvm.dll
0x00007fff140f0000 - 0x00007fff140f8000 	C:\Windows\System32\PSAPI.DLL
0x00007ffefa3a0000 - 0x00007ffefa3c7000 	C:\Windows\SYSTEM32\WINMM.dll
0x00007fff0bcd0000 - 0x00007fff0bcd9000 	C:\Windows\SYSTEM32\WSOCK32.dll
0x00007fff14e10000 - 0x00007fff14e7b000 	C:\Windows\System32\WS2_32.dll
0x00007fff10ed0000 - 0x00007fff10ee2000 	C:\Windows\SYSTEM32\kernel.appcore.dll
0x00007fff05980000 - 0x00007fff0598a000 	C:\Program Files\Java\jdk-17\bin\jimage.dll
0x00007fff104f0000 - 0x00007fff106d4000 	C:\Windows\SYSTEM32\DBGHELP.DLL
0x00007ffef5ad0000 - 0x00007ffef5b04000 	C:\Windows\SYSTEM32\dbgcore.DLL
0x00007fff12a20000 - 0x00007fff12aa2000 	C:\Windows\System32\bcryptPrimitives.dll
0x00007fff04850000 - 0x00007fff0488b000 	C:\Program Files\Java\jdk-17\bin\jdwp.dll
0x00007fff05970000 - 0x00007fff0597e000 	C:\Program Files\Java\jdk-17\bin\instrument.dll
0x00007fff04720000 - 0x00007fff04745000 	C:\Program Files\Java\jdk-17\bin\java.dll
0x00007ffeec6d0000 - 0x00007ffeec7a7000 	C:\Program Files\Java\jdk-17\bin\jsvml.dll
0x00007fff133e0000 - 0x00007fff13b24000 	C:\Windows\System32\SHELL32.dll
0x00007fff10720000 - 0x00007fff10eb3000 	C:\Windows\SYSTEM32\windows.storage.dll
0x00007fff13b30000 - 0x00007fff13e84000 	C:\Windows\System32\combase.dll
0x00007fff120e0000 - 0x00007fff1210e000 	C:\Windows\SYSTEM32\Wldp.dll
0x00007fff14040000 - 0x00007fff140ed000 	C:\Windows\System32\SHCORE.dll
0x00007fff14c90000 - 0x00007fff14ce5000 	C:\Windows\System32\shlwapi.dll
0x00007fff125c0000 - 0x00007fff125df000 	C:\Windows\SYSTEM32\profapi.dll
0x00007fff05960000 - 0x00007fff0596c000 	C:\Program Files\Java\jdk-17\bin\dt_socket.dll
0x00007fff11ae0000 - 0x00007fff11b1c000 	C:\Windows\SYSTEM32\IPHLPAPI.DLL
0x00007fff11e40000 - 0x00007fff11eaa000 	C:\Windows\system32\mswsock.dll
0x00007fff11b20000 - 0x00007fff11beb000 	C:\Windows\SYSTEM32\DNSAPI.dll
0x00007fff14280000 - 0x00007fff14288000 	C:\Windows\System32\NSI.dll
0x00007fff03ce0000 - 0x00007fff03cea000 	C:\Windows\System32\rasadhlp.dll
0x00007fff06be0000 - 0x00007fff06c60000 	C:\Windows\System32\fwpuclnt.dll
0x00007fff12680000 - 0x00007fff126a7000 	C:\Windows\System32\bcrypt.dll
0x00007ffefe500000 - 0x00007ffefe518000 	C:\Program Files\Java\jdk-17\bin\zip.dll
0x00007ffefe4e0000 - 0x00007ffefe4f9000 	C:\Program Files\Java\jdk-17\bin\net.dll
0x00007fff0ca70000 - 0x00007fff0cb7a000 	C:\Windows\SYSTEM32\WINHTTP.dll
0x00007ffefbc40000 - 0x00007ffefbc56000 	C:\Program Files\Java\jdk-17\bin\nio.dll
0x00007fff05600000 - 0x00007fff05610000 	C:\Program Files\Java\jdk-17\bin\verify.dll

dbghelp: loaded successfully - version: 4.0.5 - missing functions: none
symbol engine: initialized successfully - sym options: 0x614 - pdb path: .;C:\Program Files\Java\jdk-17\bin;C:\Windows\SYSTEM32;C:\Windows\WinSxS\amd64_microsoft.windows.common-controls_6595b64144ccf1df_6.0.19041.1110_none_60b5254171f9507e;C:\Program Files\Java\jdk-17\bin\server

VM Arguments:
jvm_args: -XX:+ShowCodeDetailsInExceptionMessages -agentlib:jdwp=transport=dt_socket,suspend=y,address=localhost:53951 -javaagent:C:\Users\Ignacio\eclipse\java-2023-03\eclipse\configuration\org.eclipse.osgi\231\0\.cp\lib\javaagent-shaded.jar -Dfile.encoding=windows-1252 
java_command: ar.utn.ap.pronosticos.MainTP src\\test\\resources\\resultados_test1.csv src\\test\\resources\\pronostico_test1.csv
java_class_path (initial): C:\Users\Ignacio\eclipse-workspace\TP-Fork\target\classes
Launcher Type: SUN_STANDARD

[Global flags]
     intx CICompilerCount                          = 4                                         {product} {ergonomic}
     uint ConcGCThreads                            = 2                                         {product} {ergonomic}
     uint G1ConcRefinementThreads                  = 8                                         {product} {ergonomic}
   size_t G1HeapRegionSize                         = 1048576                                   {product} {ergonomic}
    uintx GCDrainStackTargetSize                   = 64                                        {product} {ergonomic}
   size_t InitialHeapSize                          = 132120576                                 {product} {ergonomic}
   size_t MarkStackSize                            = 4194304                                   {product} {ergonomic}
   size_t MaxHeapSize                              = 2095054848                                {product} {ergonomic}
   size_t MaxNewSize                               = 1256194048                                {product} {ergonomic}
   size_t MinHeapDeltaBytes                        = 1048576                                   {product} {ergonomic}
   size_t MinHeapSize                              = 8388608                                   {product} {ergonomic}
    uintx NonNMethodCodeHeapSize                   = 5839372                                {pd product} {ergonomic}
    uintx NonProfiledCodeHeapSize                  = 122909434                              {pd product} {ergonomic}
    uintx ProfiledCodeHeapSize                     = 122909434                              {pd product} {ergonomic}
    uintx ReservedCodeCacheSize                    = 251658240                              {pd product} {ergonomic}
     bool SegmentedCodeCache                       = true                                      {product} {ergonomic}
     bool ShowCodeDetailsInExceptionMessages       = true                                   {manageable} {command line}
   size_t SoftMaxHeapSize                          = 2095054848                             {manageable} {ergonomic}
     bool UseCompressedClassPointers               = true                           {product lp64_product} {ergonomic}
     bool UseCompressedOops                        = true                           {product lp64_product} {ergonomic}
     bool UseG1GC                                  = true                                      {product} {ergonomic}
     bool UseLargePagesIndividualAllocation        = false                                  {pd product} {ergonomic}

Logging:
Log output configuration:
 #0: stdout all=warning uptime,level,tags
 #1: stderr all=off uptime,level,tags

Environment Variables:
JAVA_HOME=C:\Program Files\Java\jdk-20
PATH=C:\Program Files\Common Files\Oracle\Java\javapath;C:\Program Files (x86)\Common Files\Oracle\Java\javapath;C:\Windows\system32;C:\Windows;C:\Windows\System32\Wbem;C:\Windows\System32\WindowsPowerShell\v1.0\;C:\Windows\System32\OpenSSH\;C:\Program Files (x86)\Gpg4win\..\GnuPG\bin;C:\Program Files\AutoFirma\AutoFirma;C:\Program Files\Git\cmd;C:\Program Files\nodejs\;C:\Program Files (x86)\apache-maven-3.9.0\bin;C:\Users\Ignacio\AppData\Local\GitHubDesktop\bin;C:\Users\Ignacio\AppData\Local\Programs\Microsoft VS Code\bin;C:\Users\Ignacio\AppData\Roaming\npm
USERNAME=Ignacio
OS=Windows_NT
PROCESSOR_IDENTIFIER=Intel64 Family 6 Model 140 Stepping 1, GenuineIntel



---------------  S Y S T E M  ---------------

OS:
 Windows 10 , 64 bit Build 19041 (10.0.19041.2788)
OS uptime: 4 days 5:14 hours

CPU: total 8 (initial active 8) (4 cores per cpu, 2 threads per core) family 6 model 140 stepping 1 microcode 0x66, cx8, cmov, fxsr, ht, mmx, 3dnowpref, sse, sse2, sse3, ssse3, sse4.1, sse4.2, popcnt, lzcnt, tsc, tscinvbit, avx, avx2, aes, erms, clmul, bmi1, bmi2, adx, avx512f, avx512dq, avx512cd, avx512bw, avx512vl, sha, fma, vzeroupper, avx512_vpopcntdq, avx512_vpclmulqdq, avx512_vaes, avx512_vnni, clflush, clflushopt, clwb, avx512_vbmi2, avx512_vbmi

Memory: 4k page, system-wide physical 7991M (1641M free)
TotalPageFile size 13111M (AvailPageFile size 2592M)
current process WorkingSet (physical memory assigned to process): 46M, peak: 48M
current process commit charge ("private bytes"): 214M, peak: 217M

vm_info: Java HotSpot(TM) 64-Bit Server VM (17.0.6+9-LTS-190) for windows-amd64 JRE (17.0.6+9-LTS-190), built on Dec  6 2022 15:53:54 by "mach5one" with MS VC++ 17.1 (VS2022)

END.
